<?xml version="1.0" encoding="UTF-8"?>
<!-- Generated by org.testng.reporters.JUnitReportReporter -->
<testsuite skipped="0" hostname="DESKTOP-1UNN7PP" name="testng.TestNgFeatures" tests="4" failures="0" timestamp="2019-06-25T17:57:47 BST" time="0.004" errors="0">
  <testcase name="loginTest" time="0.000" classname="testng.TestNgFeatures"/>
  <testcase name="SearchPageTest" time="0.000" classname="testng.TestNgFeatures"/>
  <testcase name="RegPageTest" time="0.004" classname="testng.TestNgFeatures"/>
  <testcase name="HomePageTest" time="0.000" classname="testng.TestNgFeatures"/>
</testsuite> <!-- testng.TestNgFeatures -->
