<?xml version="1.0" encoding="UTF-8"?>
<!-- Generated by org.testng.reporters.JUnitReportReporter -->
<testsuite skipped="0" hostname="DESKTOP-1UNN7PP" name="testng.GoogleTitleTest" tests="2" failures="0" timestamp="2019-06-25T11:38:05 BST" time="24.945" errors="0">
  <testcase name="googleLogoTest" time="12.841" classname="testng.GoogleTitleTest"/>
  <testcase name="googleTitleTest" time="12.104" classname="testng.GoogleTitleTest"/>
</testsuite> <!-- testng.GoogleTitleTest -->
