<?xml version="1.0" encoding="UTF-8"?>
<!-- Generated by org.testng.reporters.JUnitReportReporter -->
<testsuite skipped="0" hostname="DESKTOP-1UNN7PP" name="testng.GoogleTitleTest" tests="2" failures="0" timestamp="2019-06-25T17:57:47 BST" time="10.980" errors="0">
  <testcase name="googleLogoTest" time="5.604" classname="testng.GoogleTitleTest"/>
  <testcase name="googleTitleTest" time="5.376" classname="testng.GoogleTitleTest"/>
</testsuite> <!-- testng.GoogleTitleTest -->
