<?xml version="1.0" encoding="UTF-8"?>
<!-- Generated by org.testng.reporters.JUnitReportReporter -->
<testsuite skipped="0" hostname="DESKTOP-1UNN7PP" name="testng.TestNgFeatures" tests="5" failures="0" timestamp="2019-06-25T15:29:06 BST" time="0.022" errors="0">
  <testcase name="loginTest" time="0.011" classname="testng.TestNgFeatures"/>
  <testcase name="SearchPageTest" time="0.003" classname="testng.TestNgFeatures"/>
  <testcase name="RegPageTest2" time="0.003" classname="testng.TestNgFeatures"/>
  <testcase name="HomePageTest" time="0.002" classname="testng.TestNgFeatures"/>
  <testcase name="RegPageTest" time="0.003" classname="testng.TestNgFeatures"/>
</testsuite> <!-- testng.TestNgFeatures -->
