<?xml version="1.0" encoding="UTF-8"?>
<!-- Generated by org.testng.reporters.JUnitReportReporter -->
<testsuite skipped="0" hostname="DESKTOP-1UNN7PP" name="testng.TestNgBasics" tests="3" failures="0" timestamp="2019-06-25T16:04:20 BST" time="0.007" errors="0">
  <testcase name="searchTest" time="0.002" classname="testng.TestNgBasics"/>
  <testcase name="googleTitleTest" time="0.002" classname="testng.TestNgBasics"/>
  <testcase name="googleLogoTest" time="0.003" classname="testng.TestNgBasics"/>
</testsuite> <!-- testng.TestNgBasics -->
