<?xml version="1.0" encoding="UTF-8"?>
<!-- Generated by org.testng.reporters.JUnitReportReporter -->
<testsuite skipped="0" hostname="DESKTOP-1UNN7PP" name="testng.GoogleTitleTest" tests="2" failures="0" timestamp="2019-06-25T15:49:00 BST" time="12.808" errors="0">
  <testcase name="googleLogoTest" time="6.172" classname="testng.GoogleTitleTest"/>
  <testcase name="googleTitleTest" time="6.636" classname="testng.GoogleTitleTest"/>
</testsuite> <!-- testng.GoogleTitleTest -->
