<?xml version="1.0" encoding="UTF-8"?>
<!-- Generated by org.testng.reporters.JUnitReportReporter -->
<testsuite skipped="0" hostname="DESKTOP-1UNN7PP" name="testng.ExceptionTimeOutTest" tests="1" failures="0" timestamp="2019-06-25T16:04:20 BST" time="0.007" errors="0">
  <testcase name="test1" time="0.007" classname="testng.ExceptionTimeOutTest"/>
</testsuite> <!-- testng.ExceptionTimeOutTest -->
