<?xml version="1.0" encoding="UTF-8"?>
<!-- Generated by org.testng.reporters.JUnitReportReporter -->
<testsuite skipped="0" hostname="DESKTOP-1UNN7PP" name="testng.InvocationCountTest" tests="11" failures="0" timestamp="2019-06-25T14:58:14 BST" time="0.035" errors="0">
  <testcase name="sum" time="0.000" classname="testng.InvocationCountTest"/>
  <testcase name="sum" time="0.004" classname="testng.InvocationCountTest"/>
  <testcase name="test1" time="0.001" classname="testng.InvocationCountTest"/>
  <testcase name="sum" time="0.002" classname="testng.InvocationCountTest"/>
  <testcase name="sum" time="0.001" classname="testng.InvocationCountTest"/>
  <testcase name="sum" time="0.003" classname="testng.InvocationCountTest"/>
  <testcase name="sum" time="0.002" classname="testng.InvocationCountTest"/>
  <testcase name="sum" time="0.003" classname="testng.InvocationCountTest"/>
  <testcase name="sum" time="0.005" classname="testng.InvocationCountTest"/>
  <testcase name="sum" time="0.011" classname="testng.InvocationCountTest"/>
  <testcase name="sum" time="0.003" classname="testng.InvocationCountTest"/>
</testsuite> <!-- testng.InvocationCountTest -->
