<?xml version="1.0" encoding="UTF-8"?>
<!-- Generated by org.testng.reporters.JUnitReportReporter -->
<testsuite skipped="0" hostname="DESKTOP-1UNN7PP" name="testng.GoogleTitleTest" tests="2" failures="0" timestamp="2019-06-25T16:04:20 BST" time="12.249" errors="0">
  <testcase name="googleLogoTest" time="5.809" classname="testng.GoogleTitleTest"/>
  <testcase name="googleTitleTest" time="6.440" classname="testng.GoogleTitleTest"/>
</testsuite> <!-- testng.GoogleTitleTest -->
